Started POST "/parser/index" for ::1 at 2021-07-07 13:40:30 +0300
  [1m[35m (6.8ms)[0m  [1m[34mSELECT sqlite_version(*)[0m
  
ActionController::RoutingError (No route matches [POST] "/parser/index"):
  
Started GET "/parser/index" for ::1 at 2021-07-07 13:40:34 +0300
Processing by ParserController#index as */*
  Parameters: {"article"=>[{"Title"=>"1", "Body"=>"afdsfsdfsa"}, {"Title"=>"2", "Body"=>"afdsfsdfsa"}], "parser"=>{"article"=>[{"Title"=>"1", "Body"=>"afdsfsdfsa"}, {"Title"=>"2", "Body"=>"afdsfsdfsa"}]}}
Completed 200 OK in 41ms (Views: 0.3ms | ActiveRecord: 0.0ms | Allocations: 3557)


Started GET "/api/whoami" for ::1 at 2021-07-07 13:42:43 +0300
  [1m[35m (2.8ms)[0m  [1m[34mSELECT sqlite_version(*)[0m
Processing by ParserController#index as */*
  Parameters: {"article"=>[{"Title"=>"1", "Body"=>"afdsfsdfsa"}, {"Title"=>"2", "Body"=>"afdsfsdfsa"}], "parser"=>{"article"=>[{"Title"=>"1", "Body"=>"afdsfsdfsa"}, {"Title"=>"2", "Body"=>"afdsfsdfsa"}]}}
Completed 200 OK in 12ms (Views: 0.3ms | ActiveRecord: 0.0ms | Allocations: 3591)


Started GET "/api/whoami" for ::1 at 2021-07-07 13:43:11 +0300
Processing by ParserController#index as */*
  Parameters: {"article"=>[{"Title"=>"1", "Body"=>"afdsfsdfsa"}, {"Title"=>"2", "Body"=>"afdsfsdfsa"}], "parser"=>{"article"=>[{"Title"=>"1", "Body"=>"afdsfsdfsa"}, {"Title"=>"2", "Body"=>"afdsfsdfsa"}]}}
Completed 500 Internal Server Error in 4ms (Allocations: 1680)


  
NoMethodError (undefined method `put' for #<ParserController:0x00000000003660>
Did you mean?  puts
               putc):
  
app/controllers/parser_controller.rb:3:in `index'
Started GET "/api/whoami" for ::1 at 2021-07-07 13:43:17 +0300
Processing by ParserController#index as */*
  Parameters: {"article"=>[{"Title"=>"1", "Body"=>"afdsfsdfsa"}, {"Title"=>"2", "Body"=>"afdsfsdfsa"}], "parser"=>{"article"=>[{"Title"=>"1", "Body"=>"afdsfsdfsa"}, {"Title"=>"2", "Body"=>"afdsfsdfsa"}]}}
Completed 200 OK in 1ms (Views: 0.3ms | Allocations: 169)


Started GET "/api/whoami" for ::1 at 2021-07-07 13:44:27 +0300
Processing by ParserController#index as HTML
Completed 200 OK in 1ms (Views: 0.3ms | Allocations: 163)


Started GET "/api/whoami" for ::1 at 2021-07-07 13:44:55 +0300
Processing by ParserController#index as HTML
Completed 200 OK in 1ms (Views: 0.3ms | Allocations: 159)


Started GET "/api/whoami" for ::1 at 2021-07-07 13:45:18 +0300
Processing by ParserController#index as HTML
Completed 200 OK in 3ms (Views: 1.5ms | Allocations: 160)


Started GET "/api/whoami" for ::1 at 2021-07-07 13:45:21 +0300
Processing by ParserController#index as HTML
Completed 200 OK in 1ms (Views: 0.2ms | Allocations: 92)


Started GET "/api/whoami" for ::1 at 2021-07-07 13:45:51 +0300
Processing by ParserController#index as HTML
Completed 200 OK in 1ms (Views: 0.2ms | Allocations: 159)


Started GET "/api/whoami" for ::1 at 2021-07-07 13:46:40 +0300
Processing by ParserController#index as HTML
Completed 200 OK in 0ms (Views: 0.2ms | Allocations: 178)


Started GET "/api/whoami" for ::1 at 2021-07-07 13:46:51 +0300
Processing by ParserController#index as HTML
Completed 500 Internal Server Error in 3ms (Allocations: 1232)


  
NoMethodError (undefined method `local?' for "::1":String):
  
app/controllers/parser_controller.rb:4:in `index'
Started GET "/api/whoami" for ::1 at 2021-07-07 13:46:58 +0300
Processing by ParserController#index as HTML
Completed 200 OK in 1ms (Views: 0.4ms | Allocations: 161)


Started GET "/api/whoami" for ::1 at 2021-07-07 13:47:19 +0300
Processing by ParserController#index as HTML
Completed 200 OK in 1ms (Views: 0.3ms | Allocations: 159)


Started GET "/api/whoami&test=test" for ::1 at 2021-07-07 13:47:35 +0300
  
ActionController::RoutingError (No route matches [GET] "/api/whoami&test=test"):
  
Started GET "/api/whoami?test=test" for ::1 at 2021-07-07 13:48:18 +0300
Processing by ParserController#index as HTML
  Parameters: {"test"=>"test"}
Completed 200 OK in 1ms (Views: 0.2ms | Allocations: 165)


Started GET "/api/whoami?test=test" for ::1 at 2021-07-07 13:48:45 +0300
Processing by ParserController#index as HTML
  Parameters: {"test"=>"test"}
Completed 200 OK in 1ms (Views: 0.3ms | Allocations: 164)


Started GET "/api/whoami?test=test" for ::1 at 2021-07-07 13:49:15 +0300
Processing by ParserController#index as HTML
  Parameters: {"test"=>"test"}
Completed 200 OK in 2ms (Views: 0.7ms | Allocations: 165)


Started GET "/api/whoami" for ::1 at 2021-07-07 13:49:18 +0300
Processing by ParserController#index as HTML
Completed 200 OK in 0ms (Views: 0.2ms | Allocations: 97)


Started GET "/api/whoami" for ::1 at 2021-07-07 13:49:20 +0300
Processing by ParserController#index as HTML
Completed 200 OK in 1ms (Views: 0.2ms | Allocations: 96)


Started GET "/api/whoami" for ::1 at 2021-07-07 13:49:21 +0300
Processing by ParserController#index as HTML
Completed 200 OK in 1ms (Views: 0.2ms | Allocations: 96)


Started GET "/api/whoami" for ::1 at 2021-07-07 13:49:53 +0300
Processing by ParserController#index as HTML
Completed 200 OK in 1ms (Views: 0.3ms | Allocations: 166)


Started GET "/api/whoami" for ::1 at 2021-07-07 13:49:56 +0300
Processing by ParserController#index as HTML
Completed 200 OK in 1ms (Views: 0.2ms | Allocations: 96)


Started GET "/api/whoami" for ::1 at 2021-07-07 13:50:30 +0300
Processing by ParserController#index as HTML
Completed 200 OK in 1ms (Views: 0.2ms | Allocations: 96)


Started GET "/api/whoami?test=test" for ::1 at 2021-07-07 13:50:42 +0300
Processing by ParserController#index as HTML
  Parameters: {"test"=>"test"}
Completed 200 OK in 0ms (Views: 0.2ms | Allocations: 96)


Started GET "/api/whoami?test=test" for ::1 at 2021-07-07 13:51:09 +0300
Processing by ParserController#index as HTML
  Parameters: {"test"=>"test"}
Completed 200 OK in 1ms (Views: 0.2ms | Allocations: 164)


Started GET "/api/whoami?test=test" for ::1 at 2021-07-07 13:51:12 +0300
Processing by ParserController#index as HTML
  Parameters: {"test"=>"test"}
Completed 200 OK in 1ms (Views: 0.2ms | Allocations: 96)


Started GET "/api/whoami" for ::1 at 2021-07-07 13:51:15 +0300
Processing by ParserController#index as HTML
Completed 200 OK in 1ms (Views: 0.2ms | Allocations: 96)


Started GET "/api/whoami?test=test" for ::1 at 2021-07-07 13:52:22 +0300
Processing by ParserController#index as HTML
  Parameters: {"test"=>"test"}
Completed 500 Internal Server Error in 3ms (Allocations: 617)


  
NoMethodError (private method `require' called for nil:NilClass):
  
app/controllers/parser_controller.rb:5:in `index'
Started GET "/api/whoami?test=test" for ::1 at 2021-07-07 13:52:35 +0300
Processing by ParserController#index as HTML
  Parameters: {"test"=>"test"}
Completed 500 Internal Server Error in 3ms (Allocations: 562)


  
NoMethodError (undefined method `empty?' for nil:NilClass):
  
app/controllers/parser_controller.rb:4:in `index'
Started GET "/api/whoami?test=test" for ::1 at 2021-07-07 13:52:41 +0300
Processing by ParserController#index as HTML
  Parameters: {"test"=>"test"}
Completed 200 OK in 1ms (Views: 0.6ms | Allocations: 161)


Started GET "/api/whoami?test=test" for ::1 at 2021-07-07 13:52:45 +0300
Processing by ParserController#index as HTML
  Parameters: {"test"=>"test"}
Completed 200 OK in 1ms (Views: 0.2ms | Allocations: 92)


Started GET "/api/whoami" for ::1 at 2021-07-07 13:52:50 +0300
Processing by ParserController#index as HTML
Completed 200 OK in 0ms (Views: 0.3ms | Allocations: 92)


Started GET "/api/whoami" for ::1 at 2021-07-07 13:52:52 +0300
Processing by ParserController#index as HTML
Completed 200 OK in 1ms (Views: 0.2ms | Allocations: 92)


Started GET "/api/whoami" for ::1 at 2021-07-07 13:52:56 +0300
Processing by ParserController#index as HTML
Completed 200 OK in 2ms (Views: 0.8ms | Allocations: 161)


Started GET "/api/whoami?select=ipaddress" for ::1 at 2021-07-07 13:54:08 +0300
Processing by ParserController#index as HTML
  Parameters: {"select"=>"ipaddress"}
Completed 200 OK in 2ms (Views: 0.9ms | Allocations: 160)


Started GET "/api/whoami?select=ipaddress" for ::1 at 2021-07-07 13:54:56 +0300
Processing by ParserController#index as HTML
  Parameters: {"select"=>"ipaddress"}
Completed 200 OK in 2ms (Views: 0.4ms | Allocations: 161)


Started GET "/api/whoami?select=ipaddress" for ::1 at 2021-07-07 13:54:58 +0300
Processing by ParserController#index as HTML
  Parameters: {"select"=>"ipaddress"}
Completed 200 OK in 1ms (Views: 1.0ms | Allocations: 93)


Started GET "/api/whoami?select=ipaddress" for ::1 at 2021-07-07 13:55:20 +0300
Processing by ParserController#index as HTML
  Parameters: {"select"=>"ipaddress"}
Completed 200 OK in 2ms (Views: 0.3ms | Allocations: 161)


Started GET "/api/whoami?select=ipaddress" for ::1 at 2021-07-07 13:55:21 +0300
Processing by ParserController#index as HTML
  Parameters: {"select"=>"ipaddress"}
Completed 200 OK in 1ms (Views: 0.4ms | Allocations: 93)


Started GET "/api/whoami?select=ipaddress" for ::1 at 2021-07-07 13:55:59 +0300
Processing by ParserController#index as HTML
  Parameters: {"select"=>"ipaddress"}
Completed 200 OK in 0ms (Views: 0.2ms | Allocations: 162)


Started GET "/api/whoami?select=ipaddress" for ::1 at 2021-07-07 13:56:19 +0300
Processing by ParserController#index as HTML
  Parameters: {"select"=>"ipaddress"}
Completed 500 Internal Server Error in 3ms (Views: 1.5ms | Allocations: 249)


  
AbstractController::DoubleRenderError (Render and/or redirect were called multiple times in this action. Please note that you may only call render OR redirect, and at most once per action. Also note that neither redirect nor render terminate execution of the action, so if you want to exit an action after redirecting, you need to do something like "redirect_to(...) and return".):
  
app/controllers/parser_controller.rb:13:in `index'
Started GET "/api/whoami?select=ipaddress" for ::1 at 2021-07-07 13:56:40 +0300
Processing by ParserController#index as HTML
  Parameters: {"select"=>"ipaddress"}
Completed 200 OK in 1ms (Views: 0.4ms | Allocations: 158)


Started GET "/api/whoami?select=ipaddress" for ::1 at 2021-07-07 13:56:41 +0300
Processing by ParserController#index as HTML
  Parameters: {"select"=>"ipaddress"}
Completed 200 OK in 0ms (Views: 0.2ms | Allocations: 91)


Started GET "/api/whoami?select=ipaddress" for ::1 at 2021-07-07 13:57:00 +0300
Processing by ParserController#index as HTML
  Parameters: {"select"=>"ipaddress"}
Completed 204 No Content in 0ms (Allocations: 78)


Started GET "/api/whoami?select=ipaddress" for ::1 at 2021-07-07 13:57:02 +0300
Processing by ParserController#index as HTML
  Parameters: {"select"=>"ipaddress"}
Completed 204 No Content in 1ms (Allocations: 29)


Started GET "/api/whoami?select=ipaddress" for ::1 at 2021-07-07 13:57:04 +0300
Processing by ParserController#index as HTML
  Parameters: {"select"=>"ipaddress"}
Completed 204 No Content in 1ms (Allocations: 69)


Started GET "/api/whoami?select=ipaddress" for ::1 at 2021-07-07 13:57:14 +0300
  [1m[35m (2.7ms)[0m  [1m[34mSELECT sqlite_version(*)[0m
Processing by ParserController#index as HTML
  Parameters: {"select"=>"ipaddress"}
Completed 204 No Content in 12ms (ActiveRecord: 0.0ms | Allocations: 3416)


Started GET "/api/whoami?select=ipaddress" for ::1 at 2021-07-07 13:57:15 +0300
Processing by ParserController#index as HTML
  Parameters: {"select"=>"ipaddress"}
Completed 204 No Content in 0ms (ActiveRecord: 0.0ms | Allocations: 35)


Started GET "/api/whoami?select=ipaddress" for ::1 at 2021-07-07 13:57:20 +0300
Processing by ParserController#index as HTML
  Parameters: {"select"=>"ipaddress"}
Completed 204 No Content in 0ms (ActiveRecord: 0.0ms | Allocations: 33)


Started GET "/api/whoami?select=ipaddress" for ::1 at 2021-07-07 13:57:37 +0300
Processing by ParserController#index as HTML
  Parameters: {"select"=>"ipaddress"}
Completed 200 OK in 2ms (Views: 0.7ms | Allocations: 252)


Started GET "/api/whoami?select=ipaddress" for ::1 at 2021-07-07 13:58:07 +0300
Processing by ParserController#index as HTML
  Parameters: {"select"=>"ipaddress"}
Completed 200 OK in 2ms (Views: 0.8ms | Allocations: 160)


Started GET "/api/whoami?select=ipaddress" for ::1 at 2021-07-07 13:58:12 +0300
Processing by ParserController#index as HTML
  Parameters: {"select"=>"ipaddress"}
Completed 200 OK in 1ms (Views: 0.2ms | Allocations: 88)


Started GET "/api/whoami?select=ipaddress" for ::1 at 2021-07-07 13:58:20 +0300
Processing by ParserController#index as HTML
  Parameters: {"select"=>"ipaddress"}
Completed 200 OK in 2ms (Views: 0.5ms | Allocations: 159)


Started GET "/api/whoami?select=ipaddress" for ::1 at 2021-07-07 13:59:16 +0300
Processing by ParserController#index as HTML
  Parameters: {"select"=>"ipaddress"}
Completed 200 OK in 1ms (Views: 0.4ms | Allocations: 161)


Started GET "/api/whoami?select=ipaddress" for ::1 at 2021-07-07 13:59:23 +0300
Processing by ParserController#index as HTML
  Parameters: {"select"=>"ipaddress"}
Completed 500 Internal Server Error in 118ms (Allocations: 31126)


  
SystemStackError (stack level too deep):
  
app/controllers/parser_controller.rb:10:in `index'
Started GET "/api/whoami?select=ipaddress" for ::1 at 2021-07-07 13:59:40 +0300
Started GET "/api/whoami?select=ipaddress" for ::1 at 2021-07-07 14:00:31 +0300
Processing by ParserController#index as HTML
  Parameters: {"select"=>"ipaddress"}
Completed 500 Internal Server Error in 0ms (Allocations: 138)


  
Errno::EIO (Input/output error @ io_writev - <STDOUT>):
  
app/controllers/parser_controller.rb:5:in `write'
app/controllers/parser_controller.rb:5:in `puts'
app/controllers/parser_controller.rb:5:in `puts'
app/controllers/parser_controller.rb:5:in `index'
Processing by ParserController#index as HTML
  Parameters: {"select"=>"ipaddress"}
Completed 500 Internal Server Error in 0ms (Allocations: 133)


  
Errno::EIO (Input/output error @ io_writev - <STDOUT>):
  
app/controllers/parser_controller.rb:5:in `write'
app/controllers/parser_controller.rb:5:in `puts'
app/controllers/parser_controller.rb:5:in `puts'
app/controllers/parser_controller.rb:5:in `index'
Started GET "/api/whoami?select=ipaddress" for ::1 at 2021-07-07 14:02:15 +0300
  [1m[35m (1.6ms)[0m  [1m[34mSELECT sqlite_version(*)[0m
Processing by ParserController#index as HTML
  Parameters: {"select"=>"ipaddress"}
Completed 200 OK in 13ms (Views: 0.4ms | ActiveRecord: 0.0ms | Allocations: 3603)


Started GET "/api/whoami?select=ipaddressx" for ::1 at 2021-07-07 14:02:20 +0300
Processing by ParserController#index as HTML
  Parameters: {"select"=>"ipaddressx"}
Completed 200 OK in 1ms (Views: 0.2ms | ActiveRecord: 0.0ms | Allocations: 106)


Started GET "/api/whoami?select=ipaddressx" for ::1 at 2021-07-07 14:03:09 +0300
Processing by ParserController#index as HTML
  Parameters: {"select"=>"ipaddressx"}
Completed 200 OK in 1ms (Views: 0.6ms | Allocations: 172)


Started GET "/api/whoami?select=ipaddressx" for ::1 at 2021-07-07 14:03:22 +0300
Processing by ParserController#index as HTML
  Parameters: {"select"=>"ipaddressx"}
Completed 200 OK in 3ms (Views: 1.2ms | Allocations: 173)


Started GET "/api/whoami?info=ipaddressx" for ::1 at 2021-07-07 14:04:39 +0300
Processing by ParserController#index as HTML
  Parameters: {"info"=>"ipaddressx"}
Completed 200 OK in 1ms (Views: 0.4ms | Allocations: 171)


Started GET "/api/whoami?info=ipaddressx" for ::1 at 2021-07-07 14:04:55 +0300
Processing by ParserController#index as HTML
  Parameters: {"info"=>"ipaddressx"}
Completed 200 OK in 1ms (Views: 0.4ms | Allocations: 169)


Started GET "/api/whoami?info=ipaddress" for ::1 at 2021-07-07 14:04:58 +0300
Processing by ParserController#index as HTML
  Parameters: {"info"=>"ipaddress"}
Completed 200 OK in 1ms (Views: 0.4ms | Allocations: 100)


Started GET "/api/whoami?info=ipaddress" for ::1 at 2021-07-07 14:05:39 +0300
Processing by ParserController#index as HTML
  Parameters: {"info"=>"ipaddress"}
Completed 200 OK in 4ms (Views: 1.4ms | Allocations: 173)


Started GET "/api/whoami?info=ipaddress" for ::1 at 2021-07-07 14:05:51 +0300
Processing by ParserController#index as HTML
  Parameters: {"info"=>"ipaddress"}
Completed 200 OK in 1ms (Views: 0.3ms | Allocations: 173)


Started GET "/api/whoami?info=language" for ::1 at 2021-07-07 14:11:11 +0300
Processing by ParserController#index as HTML
  Parameters: {"info"=>"language"}
Completed 500 Internal Server Error in 4ms (Views: 0.4ms | Allocations: 259)


  
AbstractController::DoubleRenderError (Render and/or redirect were called multiple times in this action. Please note that you may only call render OR redirect, and at most once per action. Also note that neither redirect nor render terminate execution of the action, so if you want to exit an action after redirecting, you need to do something like "redirect_to(...) and return".):
  
app/controllers/parser_controller.rb:16:in `index'
Started GET "/api/whoami?info=language" for ::1 at 2021-07-07 14:11:28 +0300
  
SyntaxError (/Volumes/Veriler/Github/Request-Header-Parser/app/controllers/parser_controller.rb:9: syntax error, unexpected ':', expecting =>
      render json: {"data" :  request.headers['accept-lan...
                           ^
/Volumes/Veriler/Github/Request-Header-Parser/app/controllers/parser_controller.rb:9: syntax error, unexpected '}', expecting `end'
...est.headers['accept-language']}
...                              ^
):
  
app/controllers/parser_controller.rb:9: syntax error, unexpected ':', expecting =>
app/controllers/parser_controller.rb:9: syntax error, unexpected '}', expecting `end'
app/controllers/parser_controller.rb:9: syntax error, unexpected ':', expecting =>
app/controllers/parser_controller.rb:9: syntax error, unexpected '}', expecting `end'
Started GET "/api/whoami?info=language" for ::1 at 2021-07-07 14:11:39 +0300
Processing by ParserController#index as HTML
  Parameters: {"info"=>"language"}
Completed 200 OK in 3ms (Views: 0.4ms | Allocations: 169)


Started GET "/api/whoami?info=language" for ::1 at 2021-07-07 14:12:08 +0300
Processing by ParserController#index as HTML
  Parameters: {"info"=>"language"}
Completed 500 Internal Server Error in 8ms (Allocations: 1766)


  
NameError (undefined local variable or method `language' for #<ParserController:0x00000000005370>):
  
app/controllers/parser_controller.rb:4:in `index'
Started GET "/api/whoami?info=language" for ::1 at 2021-07-07 14:12:17 +0300
Processing by ParserController#index as HTML
  Parameters: {"info"=>"language"}
Completed 500 Internal Server Error in 1ms (Views: 0.3ms | Allocations: 245)


  
AbstractController::DoubleRenderError (Render and/or redirect were called multiple times in this action. Please note that you may only call render OR redirect, and at most once per action. Also note that neither redirect nor render terminate execution of the action, so if you want to exit an action after redirecting, you need to do something like "redirect_to(...) and return".):
  
app/controllers/parser_controller.rb:15:in `index'
Started GET "/api/whoami?info=language" for ::1 at 2021-07-07 14:12:31 +0300
Processing by ParserController#index as HTML
  Parameters: {"info"=>"language"}
Completed 200 OK in 1ms (Views: 0.4ms | Allocations: 161)


Started GET "/api/whoami?info=language" for ::1 at 2021-07-07 14:12:41 +0300
Processing by ParserController#index as HTML
  Parameters: {"info"=>"language"}
Completed 500 Internal Server Error in 5ms (Allocations: 1723)


  
NameError (undefined local variable or method `ok' for #<ParserController:0x00000000005e60>):
  
app/controllers/parser_controller.rb:8:in `index'
Started GET "/api/whoami?info=language" for ::1 at 2021-07-07 14:12:48 +0300
Processing by ParserController#index as HTML
  Parameters: {"info"=>"language"}
Completed 200 OK in 1ms (Views: 0.3ms | Allocations: 161)


Started GET "/api/whoami?info=language" for ::1 at 2021-07-07 14:13:41 +0300
Processing by ParserController#index as HTML
  Parameters: {"info"=>"language"}
Completed 200 OK in 1ms (Views: 0.2ms | Allocations: 160)


Started GET "/api/whoami?info=software" for ::1 at 2021-07-07 14:13:47 +0300
Processing by ParserController#index as HTML
  Parameters: {"info"=>"software"}
Completed 200 OK in 1ms (Views: 0.7ms | Allocations: 96)


Started GET "/api/whoami?info=ipaddress" for ::1 at 2021-07-07 14:14:18 +0300
Processing by ParserController#index as HTML
  Parameters: {"info"=>"ipaddress"}
Completed 204 No Content in 0ms (Allocations: 49)


Started GET "/api/whoami?info=ipaddress" for ::1 at 2021-07-07 14:14:21 +0300
Processing by ParserController#index as HTML
  Parameters: {"info"=>"ipaddress"}
Completed 204 No Content in 0ms (Allocations: 34)


Started GET "/api/whoami?info=ipaddress" for ::1 at 2021-07-07 14:14:54 +0300
Processing by ParserController#index as HTML
  Parameters: {"info"=>"ipaddress"}
Completed 200 OK in 0ms (Views: 0.2ms | Allocations: 161)


Started GET "/api/whoami?info=ipaddress" for ::1 at 2021-07-07 14:15:55 +0300
Processing by ParserController#index as HTML
  Parameters: {"info"=>"ipaddress"}
Completed 200 OK in 10ms (Views: 9.6ms | Allocations: 161)


Started GET "/api/whoami" for ::1 at 2021-07-07 14:15:57 +0300
Processing by ParserController#index as HTML
Completed 204 No Content in 0ms (Allocations: 43)


Started GET "/api/whoami" for ::1 at 2021-07-07 14:16:05 +0300
Processing by ParserController#index as HTML
Completed 204 No Content in 0ms (Allocations: 38)


Started GET "/api/whoami?info=ipaddress" for ::1 at 2021-07-07 14:16:09 +0300
Processing by ParserController#index as HTML
  Parameters: {"info"=>"ipaddress"}
Completed 200 OK in 0ms (Views: 0.2ms | Allocations: 94)


Started GET "/api/whoami" for ::1 at 2021-07-07 14:16:11 +0300
Processing by ParserController#index as HTML
Completed 204 No Content in 0ms (Allocations: 38)


Started GET "/api/whoami" for ::1 at 2021-07-07 14:16:21 +0300
Processing by ParserController#index as HTML
Completed 204 No Content in 0ms (Allocations: 38)


Started GET "/api/whoam" for ::1 at 2021-07-07 14:16:24 +0300
  
ActionController::RoutingError (No route matches [GET] "/api/whoam"):
  
Started GET "/api/whoami" for ::1 at 2021-07-07 14:16:28 +0300
Processing by ParserController#index as HTML
Completed 204 No Content in 1ms (Allocations: 38)


Started GET "/api/whoami%20f" for ::1 at 2021-07-07 14:16:34 +0300
  
ActionController::RoutingError (No route matches [GET] "/api/whoami%20f"):
  
Started GET "/api/whoami" for ::1 at 2021-07-07 14:16:36 +0300
Processing by ParserController#index as HTML
Completed 204 No Content in 1ms (Allocations: 38)


Started GET "/api/whoami" for ::1 at 2021-07-07 14:16:39 +0300
Processing by ParserController#index as HTML
Completed 204 No Content in 0ms (Allocations: 38)


Started GET "/api/whoami" for ::1 at 2021-07-07 14:16:46 +0300
Processing by ParserController#index as HTML
Completed 204 No Content in 0ms (Allocations: 38)


Started GET "/api/whoami" for ::1 at 2021-07-07 14:16:48 +0300
Processing by ParserController#index as HTML
Completed 204 No Content in 0ms (Allocations: 38)


Started GET "/api/whoami" for ::1 at 2021-07-07 14:17:12 +0300
Processing by ParserController#index as HTML
Completed 204 No Content in 1ms (Allocations: 78)


Started GET "/api/whoami?info=ipaddress" for ::1 at 2021-07-07 14:17:36 +0300
Processing by ParserController#index as HTML
  Parameters: {"info"=>"ipaddress"}
Completed 500 Internal Server Error in 5ms (Views: 0.3ms | Allocations: 249)


  
AbstractController::DoubleRenderError (Render and/or redirect were called multiple times in this action. Please note that you may only call render OR redirect, and at most once per action. Also note that neither redirect nor render terminate execution of the action, so if you want to exit an action after redirecting, you need to do something like "redirect_to(...) and return".):
  
app/controllers/parser_controller.rb:18:in `index'
Started GET "/api/whoami" for ::1 at 2021-07-07 14:17:39 +0300
Processing by ParserController#index as HTML
Completed 200 OK in 1ms (Views: 0.3ms | Allocations: 129)


Started GET "/api/whoami" for ::1 at 2021-07-07 14:17:41 +0300
Processing by ParserController#index as HTML
Completed 200 OK in 1ms (Views: 0.4ms | Allocations: 128)


Started GET "/api/whoami?info=ipaddress" for ::1 at 2021-07-07 14:17:45 +0300
Processing by ParserController#index as HTML
  Parameters: {"info"=>"ipaddress"}
Completed 500 Internal Server Error in 2ms (Views: 0.4ms | Allocations: 174)


  
AbstractController::DoubleRenderError (Render and/or redirect were called multiple times in this action. Please note that you may only call render OR redirect, and at most once per action. Also note that neither redirect nor render terminate execution of the action, so if you want to exit an action after redirecting, you need to do something like "redirect_to(...) and return".):
  
app/controllers/parser_controller.rb:18:in `index'
Started GET "/api/whoami" for ::1 at 2021-07-07 14:17:59 +0300
Processing by ParserController#index as HTML
Completed 200 OK in 1ms (Views: 0.3ms | Allocations: 128)


Started GET "/api/whoami" for ::1 at 2021-07-07 14:18:22 +0300
  
SyntaxError (/Volumes/Veriler/Github/Request-Header-Parser/app/controllers/parser_controller.rb:24: syntax error, unexpected end-of-input, expecting `end'):
  
app/controllers/parser_controller.rb:24: syntax error, unexpected end-of-input, expecting `end'
app/controllers/parser_controller.rb:24: syntax error, unexpected end-of-input, expecting `end'
Started GET "/api/whoami" for ::1 at 2021-07-07 14:18:32 +0300
  
SyntaxError (/Volumes/Veriler/Github/Request-Header-Parser/app/controllers/parser_controller.rb:25: syntax error, unexpected end-of-input, expecting `end'):
  
app/controllers/parser_controller.rb:25: syntax error, unexpected end-of-input, expecting `end'
app/controllers/parser_controller.rb:25: syntax error, unexpected end-of-input, expecting `end'
Started GET "/api/whoami" for ::1 at 2021-07-07 14:18:33 +0300
  
SyntaxError (/Volumes/Veriler/Github/Request-Header-Parser/app/controllers/parser_controller.rb:25: syntax error, unexpected end-of-input, expecting `end'):
  
app/controllers/parser_controller.rb:25: syntax error, unexpected end-of-input, expecting `end'
app/controllers/parser_controller.rb:25: syntax error, unexpected end-of-input, expecting `end'
Started GET "/api/whoami" for ::1 at 2021-07-07 14:18:45 +0300
  
SyntaxError (/Volumes/Veriler/Github/Request-Header-Parser/app/controllers/parser_controller.rb:25: syntax error, unexpected end-of-input, expecting `end'):
  
app/controllers/parser_controller.rb:25: syntax error, unexpected end-of-input, expecting `end'
app/controllers/parser_controller.rb:25: syntax error, unexpected end-of-input, expecting `end'
Started GET "/api/whoami?info=ipaddress" for ::1 at 2021-07-27 09:17:34 +0300
  [1m[35m (3.4ms)[0m  [1m[34mSELECT sqlite_version(*)[0m
  
SyntaxError (/Volumes/Veriler/Github/Request-Header-Parser/app/controllers/parser_controller.rb:25: syntax error, unexpected end-of-input, expecting `end'):
  
app/controllers/parser_controller.rb:25: syntax error, unexpected end-of-input, expecting `end'
app/controllers/parser_controller.rb:25: syntax error, unexpected end-of-input, expecting `end'
Started GET "/favicon.ico" for ::1 at 2021-07-27 09:17:34 +0300
  
ActionController::RoutingError (No route matches [GET] "/favicon.ico"):
  
Started GET "/api/whoami?info=ipaddress" for ::1 at 2021-07-27 09:17:50 +0300
Processing by ParserController#index as HTML
  Parameters: {"info"=>"ipaddress"}
Completed 500 Internal Server Error in 1ms (Views: 0.3ms | Allocations: 406)


  
AbstractController::DoubleRenderError (Render and/or redirect were called multiple times in this action. Please note that you may only call render OR redirect, and at most once per action. Also note that neither redirect nor render terminate execution of the action, so if you want to exit an action after redirecting, you need to do something like "redirect_to(...) and return".):
  
app/controllers/parser_controller.rb:20:in `index'
Started GET "/api/whoami?info=language" for ::1 at 2021-07-27 09:18:20 +0300
Processing by ParserController#index as HTML
  Parameters: {"info"=>"language"}
Completed 500 Internal Server Error in 1ms (Views: 0.7ms | Allocations: 201)


  
AbstractController::DoubleRenderError (Render and/or redirect were called multiple times in this action. Please note that you may only call render OR redirect, and at most once per action. Also note that neither redirect nor render terminate execution of the action, so if you want to exit an action after redirecting, you need to do something like "redirect_to(...) and return".):
  
app/controllers/parser_controller.rb:14:in `index'
Started GET "/api/whoami?info=software" for ::1 at 2021-07-27 09:18:27 +0300
Processing by ParserController#index as HTML
  Parameters: {"info"=>"software"}
Completed 500 Internal Server Error in 1ms (Views: 0.2ms | Allocations: 203)


  
AbstractController::DoubleRenderError (Render and/or redirect were called multiple times in this action. Please note that you may only call render OR redirect, and at most once per action. Also note that neither redirect nor render terminate execution of the action, so if you want to exit an action after redirecting, you need to do something like "redirect_to(...) and return".):
  
app/controllers/parser_controller.rb:17:in `index'
Started GET "/api/whoami" for ::1 at 2021-07-27 09:18:40 +0300
Processing by ParserController#index as HTML
Completed 200 OK in 1ms (Views: 0.3ms | Allocations: 131)


Started GET "/api/whoami?info=language" for ::1 at 2021-07-27 09:19:03 +0300
Processing by ParserController#index as HTML
  Parameters: {"info"=>"language"}
Completed 500 Internal Server Error in 1ms (Views: 0.3ms | Allocations: 275)


  
AbstractController::DoubleRenderError (Render and/or redirect were called multiple times in this action. Please note that you may only call render OR redirect, and at most once per action. Also note that neither redirect nor render terminate execution of the action, so if you want to exit an action after redirecting, you need to do something like "redirect_to(...) and return".):
  
app/controllers/parser_controller.rb:15:in `index'
Started GET "/api/whoami?info=language" for ::1 at 2021-07-27 09:19:51 +0300
Processing by ParserController#index as HTML
  Parameters: {"info"=>"language"}
Completed 500 Internal Server Error in 1ms (Views: 0.3ms | Allocations: 274)


  
AbstractController::DoubleRenderError (Render and/or redirect were called multiple times in this action. Please note that you may only call render OR redirect, and at most once per action. Also note that neither redirect nor render terminate execution of the action, so if you want to exit an action after redirecting, you need to do something like "redirect_to(...) and return".):
  
app/controllers/parser_controller.rb:15:in `index'
Started GET "/api/whoami?info=language" for ::1 at 2021-07-27 09:20:43 +0300
Processing by ParserController#index as */*
  Parameters: {"info"=>"language"}
Completed 500 Internal Server Error in 1ms (Views: 0.6ms | Allocations: 199)


  
AbstractController::DoubleRenderError (Render and/or redirect were called multiple times in this action. Please note that you may only call render OR redirect, and at most once per action. Also note that neither redirect nor render terminate execution of the action, so if you want to exit an action after redirecting, you need to do something like "redirect_to(...) and return".):
  
app/controllers/parser_controller.rb:15:in `index'
Started GET "/api/whoami?info=language" for 127.0.0.1 at 2021-07-27 09:21:51 +0300
  [1m[35m (2.6ms)[0m  [1m[34mSELECT sqlite_version(*)[0m
Processing by ParserController#index as */*
  Parameters: {"info"=>"language"}
Completed 500 Internal Server Error in 286ms (Views: 55.6ms | ActiveRecord: 0.0ms | Allocations: 3721)


  
AbstractController::DoubleRenderError (Render and/or redirect were called multiple times in this action. Please note that you may only call render OR redirect, and at most once per action. Also note that neither redirect nor render terminate execution of the action, so if you want to exit an action after redirecting, you need to do something like "redirect_to(...) and return".):
  
app/controllers/parser_controller.rb:15:in `index'
Started GET "/api/whoami?info=language" for 127.0.0.1 at 2021-07-27 09:26:55 +0300
Processing by ParserController#index as */*
  Parameters: {"info"=>"language"}
Completed 500 Internal Server Error in 1ms (Views: 0.2ms | Allocations: 269)


  
AbstractController::DoubleRenderError (Render and/or redirect were called multiple times in this action. Please note that you may only call render OR redirect, and at most once per action. Also note that neither redirect nor render terminate execution of the action, so if you want to exit an action after redirecting, you need to do something like "redirect_to(...) and return".):
  
app/controllers/parser_controller.rb:17:in `index'
Started GET "/api/whoami?info=language" for 127.0.0.1 at 2021-07-27 09:27:26 +0300
Processing by ParserController#index as */*
  Parameters: {"info"=>"language"}
Completed 500 Internal Server Error in 1ms (Views: 0.3ms | Allocations: 268)


  
AbstractController::DoubleRenderError (Render and/or redirect were called multiple times in this action. Please note that you may only call render OR redirect, and at most once per action. Also note that neither redirect nor render terminate execution of the action, so if you want to exit an action after redirecting, you need to do something like "redirect_to(...) and return".):
  
app/controllers/parser_controller.rb:17:in `index'
Started GET "/api/whoami?info=language" for 127.0.0.1 at 2021-07-27 09:28:37 +0300
Processing by ParserController#index as */*
  Parameters: {"info"=>"language"}
Completed 500 Internal Server Error in 1ms (Views: 0.2ms | Allocations: 265)


  
AbstractController::DoubleRenderError (Render and/or redirect were called multiple times in this action. Please note that you may only call render OR redirect, and at most once per action. Also note that neither redirect nor render terminate execution of the action, so if you want to exit an action after redirecting, you need to do something like "redirect_to(...) and return".):
  
app/controllers/parser_controller.rb:15:in `index'
Started GET "/api/whoami?info=language" for 127.0.0.1 at 2021-07-27 09:31:50 +0300
Processing by ParserController#index as */*
  Parameters: {"info"=>"language"}
Completed 200 OK in 1ms (Views: 0.3ms | Allocations: 180)


Started GET "/api/whoami?info=software" for 127.0.0.1 at 2021-07-27 09:31:56 +0300
Processing by ParserController#index as */*
  Parameters: {"info"=>"software"}
Completed 200 OK in 0ms (Views: 0.2ms | Allocations: 116)


Started GET "/api/whoami?info=software" for 127.0.0.1 at 2021-07-27 09:32:01 +0300
Processing by ParserController#index as */*
  Parameters: {"info"=>"software"}
Completed 200 OK in 1ms (Views: 0.7ms | Allocations: 112)


Started GET "/api/whoami?info=software" for 127.0.0.1 at 2021-07-27 09:32:31 +0300
Processing by ParserController#index as */*
  Parameters: {"info"=>"software"}
Completed 200 OK in 0ms (Views: 0.1ms | Allocations: 121)


Started GET "/api/whoami?info=software" for 127.0.0.1 at 2021-07-27 09:33:27 +0300
Processing by ParserController#index as */*
  Parameters: {"info"=>"software"}
Completed 200 OK in 1ms (Views: 0.2ms | Allocations: 117)


Started GET "/api/whoami?info=ipaddress" for 127.0.0.1 at 2021-07-27 09:33:39 +0300
Processing by ParserController#index as */*
  Parameters: {"info"=>"ipaddress"}
Completed 200 OK in 1ms (Views: 0.3ms | Allocations: 117)


Started GET "/api/whoami?info=ipaddress" for 127.0.0.1 at 2021-07-27 09:36:12 +0300
Processing by ParserController#index as */*
  Parameters: {"info"=>"ipaddress"}
Completed 200 OK in 1ms (Views: 0.2ms | Allocations: 186)


Started GET "/api/whoami?info=ipaddress" for 127.0.0.1 at 2021-07-27 09:37:00 +0300
Processing by ParserController#index as */*
  Parameters: {"info"=>"ipaddress"}
Completed 200 OK in 1ms (Views: 0.8ms | Allocations: 187)


Started GET "/api/whoami?info=ipaddress" for 127.0.0.1 at 2021-07-27 09:37:21 +0300
Processing by ParserController#index as */*
  Parameters: {"info"=>"ipaddress"}
Completed 200 OK in 1ms (Views: 0.3ms | Allocations: 186)


Started GET "/api/whoami" for 127.0.0.1 at 2021-07-27 09:38:28 +0300
Processing by ParserController#index as */*
Completed 200 OK in 1ms (Views: 0.2ms | Allocations: 117)


Started GET "/api/whoami" for 127.0.0.1 at 2021-07-27 09:39:22 +0300
Processing by ParserController#index as */*
Completed 204 No Content in 1ms (Allocations: 81)


Started GET "/api/whoami?info=ipaddress" for 127.0.0.1 at 2021-07-27 09:39:26 +0300
Processing by ParserController#index as */*
  Parameters: {"info"=>"ipaddress"}
Completed 200 OK in 1ms (Views: 0.3ms | Allocations: 125)


Started GET "/api/whoami?info=software" for 127.0.0.1 at 2021-07-27 09:39:50 +0300
Processing by ParserController#index as */*
  Parameters: {"info"=>"software"}
Completed 200 OK in 1ms (Views: 0.3ms | Allocations: 95)


Started GET "/api/whoami" for 127.0.0.1 at 2021-07-27 09:39:53 +0300
Processing by ParserController#index as */*
Completed 204 No Content in 0ms (Allocations: 30)


Started GET "/api/whoami" for 127.0.0.1 at 2021-07-27 09:40:30 +0300
Processing by ParserController#index as */*
Completed 204 No Content in 0ms (Allocations: 73)


Started GET "/api/whoami?info=software" for 127.0.0.1 at 2021-07-27 09:40:46 +0300
Processing by ParserController#index as */*
  Parameters: {"info"=>"software"}
Completed 200 OK in 3ms (Views: 1.0ms | Allocations: 130)


Started GET "/api/whoami?info=software" for 127.0.0.1 at 2021-07-27 09:41:13 +0300
Processing by ParserController#index as */*
  Parameters: {"info"=>"software"}
Completed 200 OK in 1ms (Views: 0.5ms | Allocations: 166)


Started GET "/api/whoami" for 127.0.0.1 at 2021-07-27 09:41:15 +0300
Processing by ParserController#index as */*
Completed 200 OK in 0ms (Views: 0.2ms | Allocations: 120)


Started GET "/api/whoami" for 127.0.0.1 at 2021-07-27 09:42:46 +0300
Processing by ParserController#index as HTML
Completed 200 OK in 1ms (Views: 0.2ms | Allocations: 118)


Started GET "/api/whoami" for 127.0.0.1 at 2021-07-27 09:43:44 +0300
Processing by ParserController#index as HTML
Completed 200 OK in 1ms (Views: 0.2ms | Allocations: 186)


Started GET "/api/whoami" for 127.0.0.1 at 2021-07-27 09:45:06 +0300
Processing by ParserController#index as HTML
Completed 200 OK in 1ms (Views: 0.2ms | Allocations: 182)


Started GET "/api/whoami" for 127.0.0.1 at 2021-07-27 09:45:20 +0300
Processing by ParserController#index as HTML
Completed 200 OK in 1ms (Views: 0.3ms | Allocations: 188)


Started GET "/api/whoami" for 127.0.0.1 at 2021-07-27 09:45:34 +0300
Processing by ParserController#index as HTML
Completed 200 OK in 1ms (Views: 0.2ms | Allocations: 234)


Started GET "/api/whoami" for 127.0.0.1 at 2021-07-27 09:46:04 +0300
Processing by ParserController#index as HTML
Completed 200 OK in 1ms (Views: 0.2ms | Allocations: 217)


Started GET "/api/whoami" for 127.0.0.1 at 2021-07-27 09:46:41 +0300
Processing by ParserController#index as HTML
Completed 200 OK in 1ms (Views: 0.3ms | Allocations: 227)


Started GET "/api/whoami" for 127.0.0.1 at 2021-07-27 09:47:01 +0300
Processing by ParserController#index as HTML
Completed 200 OK in 2ms (Views: 0.6ms | Allocations: 227)


Started GET "/api/whoami" for 127.0.0.1 at 2021-07-27 09:47:06 +0300
Processing by ParserController#index as HTML
Completed 200 OK in 1ms (Views: 0.3ms | Allocations: 227)


Started GET "/api/whoami" for 127.0.0.1 at 2021-07-27 09:47:12 +0300
Processing by ParserController#index as */*
Completed 200 OK in 1ms (Views: 0.2ms | Allocations: 162)


Started POST "/api/whoami" for 127.0.0.1 at 2021-07-27 09:47:15 +0300
  
ActionController::RoutingError (No route matches [POST] "/api/whoami"):
  
Started GET "/api/whoami" for 127.0.0.1 at 2021-07-27 09:47:22 +0300
Processing by ParserController#index as */*
Completed 200 OK in 0ms (Views: 0.2ms | Allocations: 162)


Started GET "/api/whoami?info=method" for 127.0.0.1 at 2021-07-27 09:48:30 +0300
Processing by ParserController#index as HTML
  Parameters: {"info"=>"method"}
Completed 200 OK in 1ms (Views: 0.3ms | Allocations: 157)


Started GET "/api/whoami?info=method" for 127.0.0.1 at 2021-07-27 09:48:48 +0300
Processing by ParserController#index as HTML
  Parameters: {"info"=>"method"}
Completed 200 OK in 1ms (Views: 0.3ms | Allocations: 156)


Started GET "/api/whoami?info=method" for 127.0.0.1 at 2021-07-27 09:49:21 +0300
Processing by ParserController#index as HTML
  Parameters: {"info"=>"method"}
Completed 200 OK in 0ms (Views: 0.2ms | Allocations: 157)


Started GET "/api/whoami?info=language" for 127.0.0.1 at 2021-07-27 09:52:22 +0300
Processing by ParserController#index as */*
  Parameters: {"info"=>"language"}
Completed 200 OK in 4ms (Views: 3.0ms | Allocations: 95)


Started GET "/api/whoami?info=software" for 127.0.0.1 at 2021-07-27 09:52:52 +0300
Processing by ParserController#index as */*
  Parameters: {"info"=>"software"}
Completed 200 OK in 1ms (Views: 0.2ms | Allocations: 95)


Started GET "/api/whoami?info=software" for 127.0.0.1 at 2021-07-27 09:53:04 +0300
Processing by ParserController#index as HTML
  Parameters: {"info"=>"software"}
Completed 200 OK in 1ms (Views: 0.3ms | Allocations: 90)


Started GET "/api/whoami?info=ipaddress" for 127.0.0.1 at 2021-07-27 09:53:28 +0300
Processing by ParserController#index as */*
  Parameters: {"info"=>"ipaddress"}
Completed 200 OK in 1ms (Views: 0.2ms | Allocations: 94)


Started GET "/api/whoami?info=url" for 127.0.0.1 at 2021-07-27 09:53:54 +0300
Processing by ParserController#index as */*
  Parameters: {"info"=>"url"}
Completed 200 OK in 0ms (Views: 0.1ms | Allocations: 107)


Started GET "/api/whoami?info=path" for 127.0.0.1 at 2021-07-27 09:54:19 +0300
Processing by ParserController#index as */*
  Parameters: {"info"=>"path"}
Completed 200 OK in 1ms (Views: 0.2ms | Allocations: 93)


Started GET "/api/whoami?info=method" for 127.0.0.1 at 2021-07-27 09:54:46 +0300
Processing by ParserController#index as */*
  Parameters: {"info"=>"method"}
Completed 200 OK in 1ms (Views: 0.3ms | Allocations: 93)


